<?xml version="1.0" encoding="UTF-8"?>
<testsuite name="TestSuite" time="6,576.232" tests="171" errors="0" skipped="0" failures="0">
  <properties>
    <property name="java.runtime.name" value="Java(TM) SE Runtime Environment"/>
    <property name="sun.boot.library.path" value="C:\Program Files\Java\jdk1.6.0_38\jre\bin"/>
    <property name="java.vm.version" value="20.13-b02"/>
    <property name="java.vm.vendor" value="Sun Microsystems Inc."/>
    <property name="java.vendor.url" value="http://java.sun.com/"/>
    <property name="path.separator" value=";"/>
    <property name="guice.disable.misplaced.annotation.check" value="true"/>
    <property name="java.vm.name" value="Java HotSpot(TM) 64-Bit Server VM"/>
    <property name="file.encoding.pkg" value="sun.io"/>
    <property name="idea.launcher.port" value="7540"/>
    <property name="user.country" value="RU"/>
    <property name="sun.java.launcher" value="SUN_STANDARD"/>
    <property name="sun.os.patch.level" value="Service Pack 1"/>
    <property name="java.vm.specification.name" value="Java Virtual Machine Specification"/>
    <property name="user.dir" value="C:\autotestAPI\vot\gui_autotest"/>
    <property name="java.runtime.version" value="1.6.0_38-b05"/>
    <property name="java.awt.graphicsenv" value="sun.awt.Win32GraphicsEnvironment"/>
    <property name="java.endorsed.dirs" value="C:\Program Files\Java\jdk1.6.0_38\jre\lib\endorsed"/>
    <property name="os.arch" value="amd64"/>
    <property name="java.io.tmpdir" value="C:\Users\V5C29~1.KHO\AppData\Local\Temp\"/>
    <property name="line.separator" value="&#10;"/>
    <property name="java.vm.specification.vendor" value="Sun Microsystems Inc."/>
    <property name="user.variant" value=""/>
    <property name="os.name" value="Windows 7"/>
    <property name="classworlds.conf" value="C:\Maven\apache-maven-3.1.0\bin\m2.conf"/>
    <property name="sun.jnu.encoding" value="Cp1251"/>
    <property name="java.library.path" value="C:\Program Files\Java\jdk1.6.0_38\bin;C:\Windows\Sun\Java\bin;C:\Windows\system32;C:\Windows;C:\Program Files (x86)\JetBrains\IntelliJ IDEA 12.1.2\bin\..\.\bin;C:\Maven\apache-maven-3.1.0\bin;C:\Program Files (x86)\Windows Kits\8.0\Windows Performance Toolkit\;C:\Program Files\Microsoft SQL Server\110\Tools\Binn\;C:\Program Files\Java\jdk1.6.0_38\bin;C:\Windows\system32;C:\Windows;C:\Windows\System32\Wbem;c:\program files (x86)\jetbrains\intellij idea 12.1.2\jre\jre\bin;."/>
    <property name="java.specification.name" value="Java Platform API Specification"/>
    <property name="java.class.version" value="50.0"/>
    <property name="sun.management.compiler" value="HotSpot 64-Bit Tiered Compilers"/>
    <property name="os.version" value="6.1"/>
    <property name="user.home" value="\\it-online\vdi\users\v.khomutov"/>
    <property name="user.timezone" value="Europe/Moscow"/>
    <property name="java.awt.printerjob" value="sun.awt.windows.WPrinterJob"/>
    <property name="java.specification.version" value="1.6"/>
    <property name="file.encoding" value="UTF-8"/>
    <property name="idea.launcher.bin.path" value="C:\Program Files (x86)\JetBrains\IntelliJ IDEA 12.1.2\bin"/>
    <property name="user.name" value="v.khomutov"/>
    <property name="java.class.path" value="C:\Maven\apache-maven-3.1.0\boot\plexus-classworlds-2.4.2.jar;C:\Program Files (x86)\JetBrains\IntelliJ IDEA 12.1.2\lib\idea_rt.jar"/>
    <property name="org.slf4j.simpleLogger.defaultLogLevel" value="info"/>
    <property name="java.vm.specification.version" value="1.0"/>
    <property name="sun.arch.data.model" value="64"/>
    <property name="java.home" value="C:\Program Files\Java\jdk1.6.0_38\jre"/>
    <property name="sun.java.command" value="com.intellij.rt.execution.application.AppMain org.codehaus.classworlds.Launcher --fail-fast --strict-checksums -s C:\Maven\apache-maven-3.1.0\conf\settings.xml test"/>
    <property name="java.specification.vendor" value="Sun Microsystems Inc."/>
    <property name="user.language" value="ru"/>
    <property name="awt.toolkit" value="sun.awt.windows.WToolkit"/>
    <property name="java.vm.info" value="mixed mode"/>
    <property name="java.version" value="1.6.0_38"/>
    <property name="java.ext.dirs" value="C:\Program Files\Java\jdk1.6.0_38\jre\lib\ext;C:\Windows\Sun\Java\lib\ext"/>
    <property name="sun.boot.class.path" value="C:\Program Files\Java\jdk1.6.0_38\jre\lib\resources.jar;C:\Program Files\Java\jdk1.6.0_38\jre\lib\rt.jar;C:\Program Files\Java\jdk1.6.0_38\jre\lib\sunrsasign.jar;C:\Program Files\Java\jdk1.6.0_38\jre\lib\jsse.jar;C:\Program Files\Java\jdk1.6.0_38\jre\lib\jce.jar;C:\Program Files\Java\jdk1.6.0_38\jre\lib\charsets.jar;C:\Program Files\Java\jdk1.6.0_38\jre\lib\modules\jdk.boot.jar;C:\Program Files\Java\jdk1.6.0_38\jre\classes"/>
    <property name="java.vendor" value="Sun Microsystems Inc."/>
    <property name="maven.home" value="C:\Maven\apache-maven-3.1.0"/>
    <property name="file.separator" value="\"/>
    <property name="java.vendor.url.bug" value="http://java.sun.com/cgi-bin/bugreport.cgi"/>
    <property name="sun.cpu.endian" value="little"/>
    <property name="sun.io.unicode.encoding" value="UnicodeLittle"/>
    <property name="sun.desktop" value="windows"/>
    <property name="sun.cpu.isalist" value="amd64"/>
  </properties>
  <testcase name="pendingTransaction" classname="critical.transaction.Simple" time="72.219"/>
  <testcase name="preAuthTransactionFull" classname="critical.transaction.Simple" time="22.669"/>
  <testcase name="preAuthTransactionPartial" classname="critical.transaction.Simple" time="20.254"/>
  <testcase name="pendingTransaction" classname="critical.transaction.Simple_Sapmax" time="36.992"/>
  <testcase name="preAuthTransactionFull" classname="critical.transaction.Simple_Sapmax" time="38.382"/>
  <testcase name="preAuthTransactionPartial" classname="critical.transaction.Simple_Sapmax" time="37.672"/>
  <testcase name="threeDSTransactionPending" classname="critical.transaction.ThreeDSTransaction" time="20.427"/>
  <testcase name="threeDSTransactionPreAuthFull" classname="critical.transaction.ThreeDSTransaction" time="20.128"/>
  <testcase name="threeDSTransactionPreAuthPartial" classname="critical.transaction.ThreeDSTransaction" time="20.049"/>
  <testcase name="preAuthTransactionFull" classname="critical.transaction.ThreeDSTransaction_Sapmax" time="40.142"/>
  <testcase name="preAuthTransactionPartial" classname="critical.transaction.ThreeDSTransaction_Sapmax" time="39.467"/>
  <testcase name="threeDSTransactionPending" classname="critical.transaction.ThreeDSTransaction_Sapmax" time="38.097"/>
  <testcase name="SimpleFullCompletedPreAuthVoid" classname="critical.transaction.Voided" time="30.19"/>
  <testcase name="SimpleFullCompletedPreAuthVoidAdmin" classname="critical.transaction.Voided" time="28.377"/>
  <testcase name="SimplePartialCompletedPreAuthVoid" classname="critical.transaction.Voided" time="29.812"/>
  <testcase name="SimplePartialCompletedPreAuthVoidAdmin" classname="critical.transaction.Voided" time="28.257"/>
  <testcase name="SimplePendingVoid" classname="critical.transaction.Voided" time="43.733"/>
  <testcase name="SimplePendingVoidAdmin" classname="critical.transaction.Voided" time="45.814"/>
  <testcase name="SimplePreAuthVoid" classname="critical.transaction.Voided" time="22.368"/>
  <testcase name="SimplePreAuthVoidAdmin" classname="critical.transaction.Voided" time="21.139"/>
  <testcase name="SimpleSapmaxFullCompletedPreAuthVoid" classname="critical.transaction.Voided" time="47.022"/>
  <testcase name="SimpleSapmaxFullCompletedPreAuthVoidAdmin" classname="critical.transaction.Voided" time="46.241"/>
  <testcase name="SimpleSapmaxPartialCompletedPreAuthVoid" classname="critical.transaction.Voided" time="50.492"/>
  <testcase name="SimpleSapmaxPartialCompletedPreAuthVoidAdmin" classname="critical.transaction.Voided" time="48.815"/>
  <testcase name="SimpleSapmaxPendingVoid" classname="critical.transaction.Voided" time="41.833"/>
  <testcase name="SimpleSapmaxPendingVoidAdmin" classname="critical.transaction.Voided" time="40.083"/>
  <testcase name="SimpleSapmaxPreAuthVoid" classname="critical.transaction.Voided" time="41.323"/>
  <testcase name="SimpleSapmaxPreAuthVoidAdmin" classname="critical.transaction.Voided" time="38.549"/>
  <testcase name="threeDSFullCompletedPreAuthVoid" classname="critical.transaction.Voided" time="29.611"/>
  <testcase name="threeDSFullCompletedPreAuthVoidAdmin" classname="critical.transaction.Voided" time="28.473"/>
  <testcase name="threeDSPartialCompletedPreAuthVoid" classname="critical.transaction.Voided" time="29.782"/>
  <testcase name="threeDSPartialCompletedPreAuthVoidAdmin" classname="critical.transaction.Voided" time="28.487"/>
  <testcase name="threeDSPendingVoid" classname="critical.transaction.Voided" time="23.351"/>
  <testcase name="threeDSPendingVoidAdmin" classname="critical.transaction.Voided" time="22.41"/>
  <testcase name="threeDSPreAuthVoid" classname="critical.transaction.Voided" time="22.813"/>
  <testcase name="threeDSPreAuthVoidAdmin" classname="critical.transaction.Voided" time="22.081"/>
  <testcase name="threeDSSapmaxFullCompletedPreAuthVoid" classname="critical.transaction.Voided" time="50.353"/>
  <testcase name="threeDSSapmaxFullCompletedPreAuthVoidAdmin" classname="critical.transaction.Voided" time="47.159"/>
  <testcase name="threeDSSapmaxPartialCompletedPreAuthVoid" classname="critical.transaction.Voided" time="47.72"/>
  <testcase name="threeDSSapmaxPartialCompletedPreAuthVoidAdmin" classname="critical.transaction.Voided" time="47.45"/>
  <testcase name="threeDSSapmaxPendingVoid" classname="critical.transaction.Voided" time="41.273"/>
  <testcase name="threeDSSapmaxPendingVoidAdmin" classname="critical.transaction.Voided" time="39.498"/>
  <testcase name="threeDSSapmaxPreAuthVoid" classname="critical.transaction.Voided" time="40.997"/>
  <testcase name="threeDSSapmaxPreAuthVoidAdmin" classname="critical.transaction.Voided" time="39.768"/>
  <testcase name="FullPreauthRefund3DSFullAdmin" classname="critical.transaction.Refund" time="29.284"/>
  <testcase name="FullPreauthRefund3DSFullMerchant" classname="critical.transaction.Refund" time="30.613"/>
  <testcase name="FullPreauthRefund3DSPartPartAdmin" classname="critical.transaction.Refund" time="42.979"/>
  <testcase name="FullPreauthRefund3DSPartPartMerchant" classname="critical.transaction.Refund" time="45.958"/>
  <testcase name="FullPreauthRefund3DSPartialAdmin" classname="critical.transaction.Refund" time="28.216"/>
  <testcase name="FullPreauthRefund3DSPartialMerchant" classname="critical.transaction.Refund" time="29.604"/>
  <testcase name="FullPreauthRefund3DSSapmaxFullAdmin" classname="critical.transaction.Refund" time="49.056"/>
  <testcase name="FullPreauthRefund3DSSapmaxFullMerchant" classname="critical.transaction.Refund" time="48.013"/>
  <testcase name="FullPreauthRefund3DSSapmaxPartPartAdmin" classname="critical.transaction.Refund" time="63.646"/>
  <testcase name="FullPreauthRefund3DSSapmaxPartPartMerchant" classname="critical.transaction.Refund" time="64.677"/>
  <testcase name="FullPreauthRefund3DSSapmaxPartialAdmin" classname="critical.transaction.Refund" time="47.35"/>
  <testcase name="FullPreauthRefund3DSSapmaxPartialMerchant" classname="critical.transaction.Refund" time="48.652"/>
  <testcase name="FullPreauthRefundSimpleFullAdmin" classname="critical.transaction.Refund" time="28.721"/>
  <testcase name="FullPreauthRefundSimpleFullMerchant" classname="critical.transaction.Refund" time="29.205"/>
  <testcase name="FullPreauthRefundSimplePartPartAdmin" classname="critical.transaction.Refund" time="41.446"/>
  <testcase name="FullPreauthRefundSimplePartPartMerchant" classname="critical.transaction.Refund" time="44.956"/>
  <testcase name="FullPreauthRefundSimplePartialMerchant" classname="critical.transaction.Refund" time="29.245"/>
  <testcase name="FullPreauthRefundSimpleSapmaxFullAdmin" classname="critical.transaction.Refund" time="46.232"/>
  <testcase name="FullPreauthRefundSimpleSapmaxFullMerchant" classname="critical.transaction.Refund" time="46.887"/>
  <testcase name="FullPreauthRefundSimpleSapmaxPartPartAdmin" classname="critical.transaction.Refund" time="63.901"/>
  <testcase name="FullPreauthRefundSimpleSapmaxPartPartMerchant" classname="critical.transaction.Refund" time="64.293"/>
  <testcase name="FullPreauthRefundSimpleSapmaxPartialAdmin" classname="critical.transaction.Refund" time="47.069"/>
  <testcase name="FullPreauthRefundSimpleSapmaxPartialMerchant" classname="critical.transaction.Refund" time="46.882"/>
  <testcase name="PartialPreauthRefund3DSFullAdmin" classname="critical.transaction.Refund" time="29.274"/>
  <testcase name="PartialPreauthRefund3DSFullMerchant" classname="critical.transaction.Refund" time="30.365"/>
  <testcase name="PartialPreauthRefund3DSPartPartAdmin" classname="critical.transaction.Refund" time="42.933"/>
  <testcase name="PartialPreauthRefund3DSPartPartMerchant" classname="critical.transaction.Refund" time="45.867"/>
  <testcase name="PartialPreauthRefund3DSPartialAdmin" classname="critical.transaction.Refund" time="29.121"/>
  <testcase name="PartialPreauthRefund3DSPartialMerchant" classname="critical.transaction.Refund" time="29.624"/>
  <testcase name="PartialPreauthRefund3DSSapmaxFullAdmin" classname="critical.transaction.Refund" time="48.063"/>
  <testcase name="PartialPreauthRefund3DSSapmaxFullMerchant" classname="critical.transaction.Refund" time="49.57"/>
  <testcase name="PartialPreauthRefund3DSSapmaxPartPartAdmin" classname="critical.transaction.Refund" time="65.73"/>
  <testcase name="PartialPreauthRefund3DSSapmaxPartPartMerchant" classname="critical.transaction.Refund" time="64.121"/>
  <testcase name="PartialPreauthRefund3DSSapmaxPartialAdmin" classname="critical.transaction.Refund" time="47.618"/>
  <testcase name="PartialPreauthRefund3DSSapmaxPartialMerchant" classname="critical.transaction.Refund" time="48.111"/>
  <testcase name="PartialPreauthRefundSimpleFullAdmin" classname="critical.transaction.Refund" time="28.756"/>
  <testcase name="PartialPreauthRefundSimpleFullMerchant" classname="critical.transaction.Refund" time="29.494"/>
  <testcase name="PartialPreauthRefundSimplePartPartAdmin" classname="critical.transaction.Refund" time="42.048"/>
  <testcase name="PartialPreauthRefundSimplePartPartMerchant" classname="critical.transaction.Refund" time="46.283"/>
  <testcase name="PartialPreauthRefundSimplePartialAdmin" classname="critical.transaction.Refund" time="29.199"/>
  <testcase name="PartialPreauthRefundSimplePartialMerchant" classname="critical.transaction.Refund" time="30.978"/>
  <testcase name="PartialPreauthRefundSimpleSapmaxFullAdmin" classname="critical.transaction.Refund" time="48.291"/>
  <testcase name="PartialPreauthRefundSimpleSapmaxFullMerchant" classname="critical.transaction.Refund" time="46.793"/>
  <testcase name="PartialPreauthRefundSimpleSapmaxPartPartAdmin" classname="critical.transaction.Refund" time="63.124"/>
  <testcase name="PartialPreauthRefundSimpleSapmaxPartPartMerchant" classname="critical.transaction.Refund" time="62.697"/>
  <testcase name="PartialPreauthRefundSimpleSapmaxPartialAdmin" classname="critical.transaction.Refund" time="46.781"/>
  <testcase name="PartialPreauthRefundSimpleSapmaxPartialMerchant" classname="critical.transaction.Refund" time="47.149"/>
  <testcase name="PendingRefund3DSFullAdmin" classname="critical.transaction.Refund" time="20.883"/>
  <testcase name="PendingRefund3DSFullMerchant" classname="critical.transaction.Refund" time="24.372"/>
  <testcase name="PendingRefund3DSPartPartAdmin" classname="critical.transaction.Refund" time="35.395"/>
  <testcase name="PendingRefund3DSPartPartMerchant" classname="critical.transaction.Refund" time="40.646"/>
  <testcase name="PendingRefund3DSPartialAdmin" classname="critical.transaction.Refund" time="21.589"/>
  <testcase name="PendingRefund3DSPartialMerchant" classname="critical.transaction.Refund" time="24.632"/>
  <testcase name="PendingRefund3DSSapmaxFullAdmin" classname="critical.transaction.Refund" time="42.203"/>
  <testcase name="PendingRefund3DSSapmaxFullMerchant" classname="critical.transaction.Refund" time="43.335"/>
  <testcase name="PendingRefund3DSSapmaxPartPartAdmin" classname="critical.transaction.Refund" time="57.803"/>
  <testcase name="PendingRefund3DSSapmaxPartPartMerchant" classname="critical.transaction.Refund" time="57.685"/>
  <testcase name="PendingRefund3DSSapmaxPartialAdmin" classname="critical.transaction.Refund" time="39.558"/>
  <testcase name="PendingRefund3DSSapmaxPartialMerchant" classname="critical.transaction.Refund" time="43.263"/>
  <testcase name="PendingRefundSimpleFullAdmin" classname="critical.transaction.Refund" time="42.149"/>
  <testcase name="PendingRefundSimpleFullMerchant" classname="critical.transaction.Refund" time="48.702"/>
  <testcase name="PendingRefundSimplePartPartAdmin" classname="critical.transaction.Refund" time="56.647"/>
  <testcase name="PendingRefundSimplePartPartMerchant" classname="critical.transaction.Refund" time="64.341"/>
  <testcase name="PendingRefundSimplePartialAdmin" classname="critical.transaction.Refund" time="42.478"/>
  <testcase name="PendingRefundSimplePartialMerchant" classname="critical.transaction.Refund" time="44.151"/>
  <testcase name="PendingRefundSimpleSapmaxFullAdmin" classname="critical.transaction.Refund" time="39.176"/>
  <testcase name="PendingRefundSimpleSapmaxFullMerchant" classname="critical.transaction.Refund" time="42.126"/>
  <testcase name="PendingRefundSimpleSapmaxPartPartAdmin" classname="critical.transaction.Refund" time="57.431"/>
  <testcase name="PendingRefundSimpleSapmaxPartPartMerchant" classname="critical.transaction.Refund" time="58.509"/>
  <testcase name="PendingRefundSimpleSapmaxPartialAdmin" classname="critical.transaction.Refund" time="38.976"/>
  <testcase name="PendingRefundSimpleSapmaxPartialMerchant" classname="critical.transaction.Refund" time="42.234"/>
  <testcase name="simpleFullCompletedPreAuthCBK" classname="critical.transaction.ChargeBack" time="27.132"/>
  <testcase name="simpleFullCompletedPreAuthCBKPartial" classname="critical.transaction.ChargeBack" time="25.749"/>
  <testcase name="simplePartialCompletedPreAuthCBK" classname="critical.transaction.ChargeBack" time="25.975"/>
  <testcase name="simplePartialCompletedPreAuthCBKPartial" classname="critical.transaction.ChargeBack" time="26.118"/>
  <testcase name="simplePendingCBK" classname="critical.transaction.ChargeBack" time="40.228"/>
  <testcase name="simplePendingCBKPartial" classname="critical.transaction.ChargeBack" time="43.565"/>
  <testcase name="simplePendingSettledCBK" classname="critical.transaction.ChargeBack" time="44.076"/>
  <testcase name="simplePendingSettledCBKPartial" classname="critical.transaction.ChargeBack" time="43.82"/>
  <testcase name="simplePreAuthCBK" classname="critical.transaction.ChargeBack" time="19.003"/>
  <testcase name="simplePreAuthCBKPartial" classname="critical.transaction.ChargeBack" time="19.233"/>
  <testcase name="simplePreauthFullCompleteCBK" classname="critical.transaction.ChargeBack" time="25.033"/>
  <testcase name="simplePreauthFullCompleteCBKPartial" classname="critical.transaction.ChargeBack" time="25.171"/>
  <testcase name="simplePreauthPartialCompleteCBK" classname="critical.transaction.ChargeBack" time="25.283"/>
  <testcase name="simplePreauthPartialCompleteCBKPartial" classname="critical.transaction.ChargeBack" time="24.905"/>
  <testcase name="simpleSapmaxFullCompletedPreAuthCBK" classname="critical.transaction.ChargeBack" time="45.037"/>
  <testcase name="simpleSapmaxFullCompletedPreAuthCBKPartial" classname="critical.transaction.ChargeBack" time="44.264"/>
  <testcase name="simpleSapmaxPartialCompletedPreAuthCBK" classname="critical.transaction.ChargeBack" time="44.265"/>
  <testcase name="simpleSapmaxPartialCompletedPreAuthCBKPartial" classname="critical.transaction.ChargeBack" time="43.774"/>
  <testcase name="simpleSapmaxPendingCBK" classname="critical.transaction.ChargeBack" time="46.893"/>
  <testcase name="simpleSapmaxPendingCBKPartial" classname="critical.transaction.ChargeBack" time="37.785"/>
  <testcase name="simpleSapmaxPendingSettledCBK" classname="critical.transaction.ChargeBack" time="36.655"/>
  <testcase name="simpleSapmaxPendingSettledCBKPartial" classname="critical.transaction.ChargeBack" time="37.812"/>
  <testcase name="simpleSapmaxPreAuthCBK" classname="critical.transaction.ChargeBack" time="37.096"/>
  <testcase name="simpleSapmaxPreAuthCBKPartial" classname="critical.transaction.ChargeBack" time="36.902"/>
  <testcase name="simpleSapmaxPreauthFullCompleteCBK" classname="critical.transaction.ChargeBack" time="43.145"/>
  <testcase name="simpleSapmaxPreauthFullCompleteCBKPartial" classname="critical.transaction.ChargeBack" time="42.882"/>
  <testcase name="simpleSapmaxPreauthPartialCompleteCBK" classname="critical.transaction.ChargeBack" time="42.475"/>
  <testcase name="simpleSapmaxPreauthPartialCompleteCBKPartial" classname="critical.transaction.ChargeBack" time="42.487"/>
  <testcase name="threeDSFullCompletedPreAuthCBK" classname="critical.transaction.ChargeBack" time="28.984"/>
  <testcase name="threeDSFullCompletedPreAuthCBKPartial" classname="critical.transaction.ChargeBack" time="26.315"/>
  <testcase name="threeDSPartialCompletedPreAuthCBK" classname="critical.transaction.ChargeBack" time="26.717"/>
  <testcase name="threeDSPartialCompletedPreAuthCBKPartial" classname="critical.transaction.ChargeBack" time="26.446"/>
  <testcase name="threeDSPendingCBK" classname="critical.transaction.ChargeBack" time="19.284"/>
  <testcase name="threeDSPendingCBKPartial" classname="critical.transaction.ChargeBack" time="18.979"/>
  <testcase name="threeDSPendingSettledCBK" classname="critical.transaction.ChargeBack" time="19.578"/>
  <testcase name="threeDSPendingSettledCBKPartial" classname="critical.transaction.ChargeBack" time="19.686"/>
  <testcase name="threeDSPreAuthCBK" classname="critical.transaction.ChargeBack" time="19.511"/>
  <testcase name="threeDSPreAuthCBKPartial" classname="critical.transaction.ChargeBack" time="19.588"/>
  <testcase name="threeDSPreauthFullCompleteCBK" classname="critical.transaction.ChargeBack" time="26.047"/>
  <testcase name="threeDSPreauthFullCompleteCBKPartial" classname="critical.transaction.ChargeBack" time="25.75"/>
  <testcase name="threeDSPreauthPartialCompleteCBK" classname="critical.transaction.ChargeBack" time="25.946"/>
  <testcase name="threeDSPreauthPartialCompleteCBKPartial" classname="critical.transaction.ChargeBack" time="25.151"/>
  <testcase name="threeDSSapmaxFullCompletedPreAuthCBK" classname="critical.transaction.ChargeBack" time="46.646"/>
  <testcase name="threeDSSapmaxFullCompletedPreAuthCBKPartial" classname="critical.transaction.ChargeBack" time="45.086"/>
  <testcase name="threeDSSapmaxPartialCompletedPreAuthCBK" classname="critical.transaction.ChargeBack" time="45.53"/>
  <testcase name="threeDSSapmaxPartialCompletedPreAuthCBKPartial" classname="critical.transaction.ChargeBack" time="45.242"/>
  <testcase name="threeDSSapmaxPendingCBK" classname="critical.transaction.ChargeBack" time="38"/>
  <testcase name="threeDSSapmaxPendingCBKPartial" classname="critical.transaction.ChargeBack" time="37.318"/>
  <testcase name="threeDSSapmaxPendingSettledCBK" classname="critical.transaction.ChargeBack" time="37.431"/>
  <testcase name="threeDSSapmaxPendingSettledCBKPartial" classname="critical.transaction.ChargeBack" time="37.804"/>
  <testcase name="threeDSSapmaxPreAuthCBK" classname="critical.transaction.ChargeBack" time="37.726"/>
  <testcase name="threeDSSapmaxPreAuthCBKPartial" classname="critical.transaction.ChargeBack" time="38.038"/>
  <testcase name="threeDSSapmaxPreauthFullCompleteCBK" classname="critical.transaction.ChargeBack" time="43.27"/>
  <testcase name="threeDSSapmaxPreauthFullCompleteCBKPartial" classname="critical.transaction.ChargeBack" time="43.903"/>
  <testcase name="threeDSSapmaxPreauthPartialCompleteCBK" classname="critical.transaction.ChargeBack" time="43.235"/>
  <testcase name="threeDSSapmaxPreauthPartialCompleteCBKPartial" classname="critical.transaction.ChargeBack" time="43.327"/>
</testsuite>