<?xml version="1.0" encoding="UTF-8"?>
<!-- Generated by org.testng.reporters.JUnitReportReporter -->
<testsuite hostname="posdep22" name="critical.transaction.Simple_Sapmax" tests="3" failures="0" timestamp="15 Apr 2014 16:51:12 GMT" time="113.058" errors="0">
  <testcase name="preAuthTransactionFull" time="38.382" classname="critical.transaction.Simple_Sapmax"/>
  <testcase name="preAuthTransactionPartial" time="37.671" classname="critical.transaction.Simple_Sapmax"/>
  <testcase name="pendingTransaction" time="37.005" classname="critical.transaction.Simple_Sapmax"/>
</testsuite> <!-- critical.transaction.Simple_Sapmax -->
