<?xml version="1.0" encoding="UTF-8"?>
<!-- Generated by org.testng.reporters.JUnitReportReporter -->
<testsuite hostname="posdep22" name="critical.transaction.Simple" tests="3" failures="0" timestamp="15 Apr 2014 16:51:12 GMT" time="115.142" errors="0">
  <testcase name="preAuthTransactionFull" time="22.670" classname="critical.transaction.Simple"/>
  <testcase name="preAuthTransactionPartial" time="20.253" classname="critical.transaction.Simple"/>
  <testcase name="pendingTransaction" time="72.219" classname="critical.transaction.Simple"/>
</testsuite> <!-- critical.transaction.Simple -->
