<?xml version="1.0" encoding="UTF-8"?>
<!-- Generated by org.testng.reporters.JUnitReportReporter -->
<testsuite hostname="posdep22" name="critical.transaction.ThreeDSTransaction" tests="3" failures="0" timestamp="15 Apr 2014 16:51:12 GMT" time="60.604" errors="0">
  <testcase name="threeDSTransactionPreAuthFull" time="20.128" classname="critical.transaction.ThreeDSTransaction"/>
  <testcase name="threeDSTransactionPending" time="20.427" classname="critical.transaction.ThreeDSTransaction"/>
  <testcase name="threeDSTransactionPreAuthPartial" time="20.049" classname="critical.transaction.ThreeDSTransaction"/>
</testsuite> <!-- critical.transaction.ThreeDSTransaction -->
