<?xml version="1.0" encoding="UTF-8"?>
<!-- Generated by org.testng.reporters.JUnitReportReporter -->
<testsuite hostname="posdep22" name="critical.transaction.ThreeDSTransaction_Sapmax" tests="3" failures="0" timestamp="15 Apr 2014 16:51:12 GMT" time="117.706" errors="0">
  <testcase name="preAuthTransactionFull" time="40.142" classname="critical.transaction.ThreeDSTransaction_Sapmax"/>
  <testcase name="preAuthTransactionPartial" time="39.467" classname="critical.transaction.ThreeDSTransaction_Sapmax"/>
  <testcase name="threeDSTransactionPending" time="38.097" classname="critical.transaction.ThreeDSTransaction_Sapmax"/>
</testsuite> <!-- critical.transaction.ThreeDSTransaction_Sapmax -->
